# JRE version: 7.0_13-b20
# Java VM: OpenJDK Client VM (23.7-b01 mixed mode linux-x86 )
Heap
 PSYoungGen      total 114688K, used 65609K [0xaa510000, 0xb2510000, 0xb2510000)
  eden space 98304K, 50% used [0xaa510000,0xad5266e8,0xb0510000)
  from space 16384K, 99% used [0xb0510000,0xb150c038,0xb1510000)
  to   space 16384K, 0% used [0xb1510000,0xb1510000,0xb2510000)
 ParOldGen       total 917504K, used 52494K [0x72510000, 0xaa510000, 0xaa510000)
  object space 917504K, 5% used [0x72510000,0x75853bb0,0xaa510000)
 PSPermGen       total 131072K, used 35250K [0x6a510000, 0x72510000, 0x72510000)
  object space 131072K, 26% used [0x6a510000,0x6c77c9b8,0x72510000)
GC Heap History (6 events):
Event: 11,173 GC heap before
{Heap before GC invocations=1 (full 0):
 PSYoungGen      total 114688K, used 98304K [0xaa510000, 0xb2510000, 0xb2510000)
  eden space 98304K, 100% used [0xaa510000,0xb0510000,0xb0510000)
  from space 16384K, 0% used [0xb1510000,0xb1510000,0xb2510000)
  to   space 16384K, 0% used [0xb0510000,0xb0510000,0xb1510000)
 ParOldGen       total 917504K, used 0K [0x72510000, 0xaa510000, 0xaa510000)
  object space 917504K, 0% used [0x72510000,0x72510000,0xaa510000)
 PSPermGen       total 131072K, used 5530K [0x6a510000, 0x72510000, 0x72510000)
  object space 131072K, 4% used [0x6a510000,0x6aa769b0,0x72510000)
Event: 11,209 GC heap after
Heap after GC invocations=1 (full 0):
 PSYoungGen      total 114688K, used 16375K [0xaa510000, 0xb2510000, 0xb2510000)
  eden space 98304K, 0% used [0xaa510000,0xaa510000,0xb0510000)
  from space 16384K, 99% used [0xb0510000,0xb150dc80,0xb1510000)
  to   space 16384K, 0% used [0xb1510000,0xb1510000,0xb2510000)
 ParOldGen       total 917504K, used 7274K [0x72510000, 0xaa510000, 0xaa510000)
  object space 917504K, 0% used [0x72510000,0x72c2a820,0xaa510000)
 PSPermGen       total 131072K, used 5530K [0x6a510000, 0x72510000, 0x72510000)
  object space 131072K, 4% used [0x6a510000,0x6aa769b0,0x72510000)
}
Event: 16,060 GC heap before
{Heap before GC invocations=2 (full 0):
 PSYoungGen      total 114688K, used 114679K [0xaa510000, 0xb2510000, 0xb2510000)
  eden space 98304K, 100% used [0xaa510000,0xb0510000,0xb0510000)
  from space 16384K, 99% used [0xb0510000,0xb150dc80,0xb1510000)
  to   space 16384K, 0% used [0xb1510000,0xb1510000,0xb2510000)
 ParOldGen       total 917504K, used 7274K [0x72510000, 0xaa510000, 0xaa510000)
  object space 917504K, 0% used [0x72510000,0x72c2a820,0xaa510000)
 PSPermGen       total 131072K, used 17000K [0x6a510000, 0x72510000, 0x72510000)
  object space 131072K, 12% used [0x6a510000,0x6b5aa1d8,0x72510000)
Event: 16,132 GC heap after
Heap after GC invocations=2 (full 0):
 PSYoungGen      total 114688K, used 16374K [0xaa510000, 0xb2510000, 0xb2510000)
  eden space 98304K, 0% used [0xaa510000,0xaa510000,0xb0510000)
  from space 16384K, 99% used [0xb1510000,0xb250db48,0xb2510000)
  to   space 16384K, 0% used [0xb0510000,0xb0510000,0xb1510000)
 ParOldGen       total 917504K, used 26692K [0x72510000, 0xaa510000, 0xaa510000)
  object space 917504K, 2% used [0x72510000,0x73f21368,0xaa510000)
 PSPermGen       total 131072K, used 17000K [0x6a510000, 0x72510000, 0x72510000)
  object space 131072K, 12% used [0x6a510000,0x6b5aa1d8,0x72510000)
}
Event: 21,600 GC heap before
{Heap before GC invocations=3 (full 0):
 PSYoungGen      total 114688K, used 114678K [0xaa510000, 0xb2510000, 0xb2510000)
  eden space 98304K, 100% used [0xaa510000,0xb0510000,0xb0510000)
  from space 16384K, 99% used [0xb1510000,0xb250db48,0xb2510000)
  to   space 16384K, 0% used [0xb0510000,0xb0510000,0xb1510000)
 ParOldGen       total 917504K, used 26692K [0x72510000, 0xaa510000, 0xaa510000)
  object space 917504K, 2% used [0x72510000,0x73f21368,0xaa510000)
 PSPermGen       total 131072K, used 29096K [0x6a510000, 0x72510000, 0x72510000)
  object space 131072K, 22% used [0x6a510000,0x6c17a3f8,0x72510000)
Event: 21,667 GC heap after
Heap after GC invocations=3 (full 0):
 PSYoungGen      total 114688K, used 16368K [0xaa510000, 0xb2510000, 0xb2510000)
  eden space 98304K, 0% used [0xaa510000,0xaa510000,0xb0510000)
  from space 16384K, 99% used [0xb0510000,0xb150c038,0xb1510000)
  to   space 16384K, 0% used [0xb1510000,0xb1510000,0xb2510000)
 ParOldGen       total 917504K, used 52494K [0x72510000, 0xaa510000, 0xaa510000)
  object space 917504K, 5% used [0x72510000,0x75853bb0,0xaa510000)
 PSPermGen       total 131072K, used 29096K [0x6a510000, 0x72510000, 0x72510000)
  object space 131072K, 22% used [0x6a510000,0x6c17a3f8,0x72510000)
}

