<?xml version="1.0" encoding="UTF-8" ?>
<testsuite failures="0" time="0.116" errors="0" skipped="0" tests="3" name="fr.univartois.ili.fsnet.facade.test.ProfileFacadeTest">
  <properties>
[...]
</properties>
  <testcase time="0.089" classname="fr.univartois.ili.fsnet.facade.test.ProfileFacadeTest" name="changeProfileTest"/>
  <testcase time="0.013" classname="fr.univartois.ili.fsnet.facade.test.ProfileFacadeTest" name="changePasswordTest"/>
  <testcase time="0.013" classname="fr.univartois.ili.fsnet.facade.test.ProfileFacadeTest" name="uncorrectChangePasswordTest"/>
</testsuite>