<?xml version="1.0" encoding="UTF-8" ?>
<testsuite failures="0" time="0.033" errors="0" skipped="0" tests="3" name="fr.univartois.ili.fsnet.entities.test.InterestTest">
  <properties>
[...]
</properties>
  <testcase time="0.016" classname="fr.univartois.ili.fsnet.entities.test.InterestTest" name="testPersist"/>
  <testcase time="0.003" classname="fr.univartois.ili.fsnet.entities.test.InterestTest" name="testNomInteretIsNotNull"/>
  <testcase time="0.013" classname="fr.univartois.ili.fsnet.entities.test.InterestTest" name="testNomInteretIsUnique"/>
</testsuite>